[2012-05-17 21:57:12] request.ERROR: Symfony\Component\HttpKernel\Exception\NotFoundHttpException: No route found for "GET /" (uncaught exception) at /Users/Dorian/Sites/squeleton/vendor/symfony/src/Symfony/Bundle/FrameworkBundle/EventListener/RouterListener.php line 83 [] []
[2012-05-17 21:57:14] request.ERROR: Symfony\Component\HttpKernel\Exception\NotFoundHttpException: No route found for "GET /" (uncaught exception) at /Users/Dorian/Sites/squeleton/vendor/symfony/src/Symfony/Bundle/FrameworkBundle/EventListener/RouterListener.php line 83 [] []
[2012-05-17 22:06:46] request.ERROR: Symfony\Component\HttpKernel\Exception\NotFoundHttpException: No route found for "GET /" (uncaught exception) at /Users/Dorian/Sites/squeleton/app/cache/prod/classes.php line 4564 [] []
[2012-05-17 22:34:15] request.ERROR: Symfony\Component\HttpKernel\Exception\NotFoundHttpException: No route found for "GET /" (uncaught exception) at /Users/Dorian/Sites/squeleton/app/cache/prod/classes.php line 4564 [] []
[2012-05-17 22:36:39] request.ERROR: Symfony\Component\HttpKernel\Exception\NotFoundHttpException: No route found for "GET /test" (uncaught exception) at /Users/Dorian/Sites/squeleton/app/cache/prod/classes.php line 4564 [] []
[2012-05-17 22:36:45] request.ERROR: Symfony\Component\HttpKernel\Exception\NotFoundHttpException: No route found for "GET /test/hello" (uncaught exception) at /Users/Dorian/Sites/squeleton/app/cache/prod/classes.php line 4564 [] []
[2012-05-17 22:37:21] request.ERROR: Symfony\Component\HttpKernel\Exception\NotFoundHttpException: No route found for "GET /hello/test" (uncaught exception) at /Users/Dorian/Sites/squeleton/app/cache/prod/classes.php line 4564 [] []
[2012-05-17 22:40:36] request.ERROR: Symfony\Component\HttpKernel\Exception\NotFoundHttpException: No route found for "GET /" (uncaught exception) at /Users/Dorian/Sites/squeleton/app/cache/prod/classes.php line 4564 [] []
[2012-05-17 22:40:48] request.ERROR: Symfony\Component\HttpKernel\Exception\NotFoundHttpException: No route found for "GET /index.html" (uncaught exception) at /Users/Dorian/Sites/squeleton/app/cache/prod/classes.php line 4564 [] []
[2012-05-17 22:46:31] request.ERROR: Symfony\Component\HttpKernel\Exception\NotFoundHttpException: No route found for "GET /" (uncaught exception) at /Users/Dorian/Sites/squeleton/app/cache/prod/classes.php line 4564 [] []
[2012-05-17 22:49:54] request.ERROR: Symfony\Component\HttpKernel\Exception\NotFoundHttpException: No route found for "GET /" (uncaught exception) at /Users/Dorian/Sites/squeleton/app/cache/prod/classes.php line 4564 [] []
[2012-05-17 22:49:56] request.ERROR: Symfony\Component\HttpKernel\Exception\NotFoundHttpException: No route found for "GET /" (uncaught exception) at /Users/Dorian/Sites/squeleton/app/cache/prod/classes.php line 4564 [] []
[2012-05-17 22:49:57] request.ERROR: Symfony\Component\HttpKernel\Exception\NotFoundHttpException: No route found for "GET /" (uncaught exception) at /Users/Dorian/Sites/squeleton/app/cache/prod/classes.php line 4564 [] []
[2012-05-17 22:50:05] request.ERROR: Symfony\Component\HttpKernel\Exception\NotFoundHttpException: No route found for "GET /" (uncaught exception) at /Users/Dorian/Sites/squeleton/app/cache/prod/classes.php line 4564 [] []
[2012-05-17 22:50:07] request.ERROR: Symfony\Component\HttpKernel\Exception\NotFoundHttpException: No route found for "GET /" (uncaught exception) at /Users/Dorian/Sites/squeleton/app/cache/prod/classes.php line 4564 [] []
[2012-05-17 22:50:21] request.ERROR: Symfony\Component\HttpKernel\Exception\NotFoundHttpException: No route found for "GET /tesdfg" (uncaught exception) at /Users/Dorian/Sites/squeleton/app/cache/prod/classes.php line 4564 [] []
[2012-05-17 22:50:52] request.ERROR: Symfony\Component\HttpKernel\Exception\NotFoundHttpException: No route found for "GET /tesdfg" (uncaught exception) at /Users/Dorian/Sites/squeleton/app/cache/prod/classes.php line 4564 [] []
[2012-05-17 22:50:58] request.ERROR: Symfony\Component\HttpKernel\Exception\NotFoundHttpException: No route found for "GET /" (uncaught exception) at /Users/Dorian/Sites/squeleton/app/cache/prod/classes.php line 4564 [] []
[2012-05-17 22:51:00] request.ERROR: Symfony\Component\HttpKernel\Exception\NotFoundHttpException: No route found for "GET /" (uncaught exception) at /Users/Dorian/Sites/squeleton/app/cache/prod/classes.php line 4564 [] []
[2012-05-17 22:51:09] request.ERROR: Symfony\Component\HttpKernel\Exception\NotFoundHttpException: No route found for "GET /" (uncaught exception) at /Users/Dorian/Sites/squeleton/app/cache/prod/classes.php line 4564 [] []
[2012-05-17 22:51:10] request.ERROR: Symfony\Component\HttpKernel\Exception\NotFoundHttpException: No route found for "GET /" (uncaught exception) at /Users/Dorian/Sites/squeleton/app/cache/prod/classes.php line 4564 [] []
[2012-05-17 22:52:16] request.ERROR: Symfony\Component\HttpKernel\Exception\NotFoundHttpException: No route found for "GET /" (uncaught exception) at /Users/Dorian/Sites/squeleton/app/cache/prod/classes.php line 4564 [] []
[2012-05-17 22:52:17] request.ERROR: Symfony\Component\HttpKernel\Exception\NotFoundHttpException: No route found for "GET /" (uncaught exception) at /Users/Dorian/Sites/squeleton/app/cache/prod/classes.php line 4564 [] []
[2012-05-17 22:52:58] request.ERROR: Symfony\Component\HttpKernel\Exception\NotFoundHttpException: No route found for "GET /" (uncaught exception) at /Users/Dorian/Sites/squeleton/app/cache/prod/classes.php line 4564 [] []
[2012-05-17 22:57:33] request.ERROR: Symfony\Component\HttpKernel\Exception\NotFoundHttpException: No route found for "GET /" (uncaught exception) at /Users/Dorian/Sites/squeleton/app/cache/prod/classes.php line 4564 [] []
[2012-05-17 22:58:35] request.ERROR: Symfony\Component\HttpKernel\Exception\NotFoundHttpException: No route found for "GET /" (uncaught exception) at /Users/Dorian/Sites/squeleton/app/cache/prod/classes.php line 4564 [] []
[2012-05-17 22:58:36] request.ERROR: Symfony\Component\HttpKernel\Exception\NotFoundHttpException: No route found for "GET /" (uncaught exception) at /Users/Dorian/Sites/squeleton/app/cache/prod/classes.php line 4564 [] []
[2012-05-17 23:00:45] request.ERROR: Symfony\Component\HttpKernel\Exception\NotFoundHttpException: No route found for "GET /" (uncaught exception) at /Users/Dorian/Sites/squeleton/app/cache/prod/classes.php line 4564 [] []
[2012-05-17 23:02:21] request.ERROR: Symfony\Component\HttpKernel\Exception\NotFoundHttpException: No route found for "GET /" (uncaught exception) at /Users/Dorian/Sites/squeleton/app/cache/prod/classes.php line 4564 [] []
[2012-05-17 23:02:22] request.ERROR: Symfony\Component\HttpKernel\Exception\NotFoundHttpException: No route found for "GET /" (uncaught exception) at /Users/Dorian/Sites/squeleton/app/cache/prod/classes.php line 4564 [] []
[2012-05-17 23:02:22] request.ERROR: Symfony\Component\HttpKernel\Exception\NotFoundHttpException: No route found for "GET /" (uncaught exception) at /Users/Dorian/Sites/squeleton/app/cache/prod/classes.php line 4564 [] []
[2012-05-17 23:02:23] request.ERROR: Symfony\Component\HttpKernel\Exception\NotFoundHttpException: No route found for "GET /" (uncaught exception) at /Users/Dorian/Sites/squeleton/app/cache/prod/classes.php line 4564 [] []
[2012-05-17 23:02:23] request.ERROR: Symfony\Component\HttpKernel\Exception\NotFoundHttpException: No route found for "GET /" (uncaught exception) at /Users/Dorian/Sites/squeleton/app/cache/prod/classes.php line 4564 [] []
[2012-06-04 21:24:06] request.ERROR: Symfony\Component\HttpKernel\Exception\NotFoundHttpException: No route found for "GET /css/screen.css" (uncaught exception) at /Users/Dorian/Sites/squeleton/vendor/symfony/src/Symfony/Bundle/FrameworkBundle/EventListener/RouterListener.php line 83 [] []
[2012-06-25 23:00:00] request.ERROR: Symfony\Component\HttpKernel\Exception\NotFoundHttpException: No route found for "GET /contacts" (uncaught exception) at /Users/Dorian/Sites/squeleton/vendor/symfony/src/Symfony/Bundle/FrameworkBundle/EventListener/RouterListener.php line 83 [] []
